[debug] ----------------------------------------------------------------------
[debug] Command:      E:\nodejs\node.exe C:\Users\na\AppData\Roaming\npm\node_modules\firebase-tools\bin\firebase use --add open
[debug] CLI Version:  3.0.4
[debug] Platform:     win32
[debug] Node Version: v4.4.2
[debug] Time:         Thu Jul 21 2016 20:43:45 GMT+0500 (Pakistan Standard Time)
[debug] ----------------------------------------------------------------------
[debug] 
[warn] !  "firebase" key in firebase.json is deprecated. Run firebase use --add instead
[warn] !  Deprecation Warning: Firebase Hosting configuration should be moved under "hosting" key.
[debug] > command requires scopes: ["email","openid","https://www.googleapis.com/auth/cloudplatformprojects.readonly","https://www.googleapis.com/auth/firebase"]
[debug] >>> HTTP REQUEST GET https://admin.firebase.com/v1/projects 
[debug] <<< HTTP RESPONSE 200
[debug] ----------------------------------------------------------------------
[debug] Command:      E:\nodejs\node.exe C:\Users\na\AppData\Roaming\npm\node_modules\firebase-tools\bin\firebase deploy
[debug] CLI Version:  3.0.4
[debug] Platform:     win32
[debug] Node Version: v4.4.2
[debug] Time:         Thu Jul 21 2016 20:50:53 GMT+0500 (Pakistan Standard Time)
[debug] ----------------------------------------------------------------------
[debug] 
[warn] !  "firebase" key in firebase.json is deprecated. Run firebase use --add instead
[warn] !  Deprecation Warning: Firebase Hosting configuration should be moved under "hosting" key.
[debug] > command requires scopes: ["email","openid","https://www.googleapis.com/auth/cloudplatformprojects.readonly","https://www.googleapis.com/auth/firebase"]
[debug] >>> HTTP REQUEST GET https://admin.firebase.com/v1/projects/firebase-annyportfolio 
[debug] <<< HTTP RESPONSE 200
[debug] >>> HTTP REQUEST GET https://admin.firebase.com/v1/database/annyportfolio/tokens 
[debug] <<< HTTP RESPONSE 200
[info] 
[info] === Deploying to 'firebase-annyportfolio'...
[info] 
[info] i  deploying hosting
[info] +  database: rules ready to deploy.
[info] i  hosting: preparing code directory for upload...
[debug] >>> HTTP REQUEST PUT https://deploy.firebase.com/v1/hosting/annyportfolio/uploads/-KND8mSQZnstZUBE-cnF?fileCount=168&message= 
[debug] Error: write ECONNRESET
    at exports._errnoException (util.js:870:11)
    at WriteWrap.afterWrite (net.js:769:14)
[error] 
[error] Error: Server Error. Please try again in a few minutes.
[debug] ----------------------------------------------------------------------
[debug] Command:      E:\nodejs\node.exe C:\Users\na\AppData\Roaming\npm\node_modules\firebase-tools\bin\firebase deploy
[debug] CLI Version:  3.0.4
[debug] Platform:     win32
[debug] Node Version: v4.4.2
[debug] Time:         Thu Jul 21 2016 21:11:18 GMT+0500 (Pakistan Standard Time)
[debug] ----------------------------------------------------------------------
[debug] 
[warn] !  "firebase" key in firebase.json is deprecated. Run firebase use --add instead
[warn] !  Deprecation Warning: Firebase Hosting configuration should be moved under "hosting" key.
[debug] > command requires scopes: ["email","openid","https://www.googleapis.com/auth/cloudplatformprojects.readonly","https://www.googleapis.com/auth/firebase"]
[debug] >>> HTTP REQUEST GET https://admin.firebase.com/v1/projects/firebase-annyportfolio 
[debug] <<< HTTP RESPONSE 200
[debug] >>> HTTP REQUEST GET https://admin.firebase.com/v1/database/annyportfolio/tokens 
[debug] <<< HTTP RESPONSE 200
[info] 
[info] === Deploying to 'firebase-annyportfolio'...
[info] 
[info] i  deploying hosting
[info] +  database: rules ready to deploy.
[info] i  hosting: preparing code directory for upload...
[debug] >>> HTTP REQUEST PUT https://deploy.firebase.com/v1/hosting/annyportfolio/uploads/-KNDDW7gSNr-fDz9EfMu?fileCount=168&message= 
[debug] ----------------------------------------------------------------------
[debug] Command:      E:\nodejs\node.exe C:\Users\na\AppData\Roaming\npm\node_modules\firebase-tools\bin\firebase deploy
[debug] CLI Version:  3.0.4
[debug] Platform:     win32
[debug] Node Version: v4.4.2
[debug] Time:         Thu Jul 21 2016 21:26:56 GMT+0500 (Pakistan Standard Time)
[debug] ----------------------------------------------------------------------
[debug] 
[debug] > command requires scopes: ["email","openid","https://www.googleapis.com/auth/cloudplatformprojects.readonly","https://www.googleapis.com/auth/firebase"]
[debug] >>> HTTP REQUEST GET https://admin.firebase.com/v1/projects/firebase-annyportfolio 
[debug] <<< HTTP RESPONSE 200
[debug] >>> HTTP REQUEST GET https://admin.firebase.com/v1/database/annyportfolio/tokens 
[debug] <<< HTTP RESPONSE 200
[debug] TypeError: Cannot read property 'processIncomingMessage' of undefined
    at instance.processIncomingMessage (C:\Users\na\AppData\Roaming\npm\node_modules\firebase-tools\node_modules\firebase\node_modules\faye-websocket\node_modules\websocket-driver\node_modules\websocket-extensions\lib\websocket_extensions.js:133:19)
    at instance._emitMessage (C:\Users\na\AppData\Roaming\npm\node_modules\firebase-tools\node_modules\firebase\node_modules\faye-websocket\node_modules\websocket-driver\lib\websocket\driver\hybi.js:442:22)
    at instance._emitFrame (C:\Users\na\AppData\Roaming\npm\node_modules\firebase-tools\node_modules\firebase\node_modules\faye-websocket\node_modules\websocket-driver\lib\websocket\driver\hybi.js:405:19)
    at instance.parse (C:\Users\na\AppData\Roaming\npm\node_modules\firebase-tools\node_modules\firebase\node_modules\faye-websocket\node_modules\websocket-driver\lib\websocket\driver\hybi.js:144:18)
    at instance.parse (C:\Users\na\AppData\Roaming\npm\node_modules\firebase-tools\node_modules\firebase\node_modules\faye-websocket\node_modules\websocket-driver\lib\websocket\driver\client.js:56:58)
    at IO.write (C:\Users\na\AppData\Roaming\npm\node_modules\firebase-tools\node_modules\firebase\node_modules\faye-websocket\node_modules\websocket-driver\lib\websocket\streams.js:80:16)
    at TLSSocket.ondata (_stream_readable.js:536:20)
    at emitOne (events.js:77:13)
    at TLSSocket.emit (events.js:169:7)
    at readableAddChunk (_stream_readable.js:153:18)
[error] 
[error] Error: An unexpected error has occurred.
